[2023-08-12 10:32:54,900][base_page.py 20][INFO]: Locationg the element ('xpath', '//a[@href="#/app/login"]')
[2023-08-12 10:33:00,710][base_page.py 46][INFO]: Click the button: ('xpath', '//a[@href="#/app/login"]')
[2023-08-12 10:33:39,126][base_page.py 19][INFO]: Locationg the element ('xpath', '//a[@href="#/app/login"]')
[2023-08-12 10:33:39,206][base_page.py 45][INFO]: Click the button: ('xpath', '//a[@href="#/app/login"]')
[2023-08-12 10:34:15,333][base_page.py 19][INFO]: Locationg the element ('xpath', '//a[@href="#/app/login"]')
[2023-08-12 10:34:15,400][base_page.py 45][INFO]: Click the button: ('xpath', '//a[@href="#/app/login"]')
[2023-08-12 10:35:35,459][base_page.py 19][INFO]: Locationg the element ('xpath', '//a[@href="#/app/login"]')
[2023-08-12 10:35:35,540][base_page.py 45][INFO]: Click the button: ('xpath', '//a[@href="#/app/login"]')
[2023-08-12 10:46:24,910][base_page.py 19][INFO]: Locationg the element ('xpath', '//a[@href="#/app/login"]')
[2023-08-12 10:46:24,981][base_page.py 45][INFO]: Click the button: ('xpath', '//a[@href="#/app/login"]')
[2023-08-12 10:46:25,000][base_page.py 19][INFO]: Locationg the element ('xpath', '//a[text()="会员中心"]')
[2023-08-12 10:46:25,301][base_page.py 92][INFO]: Mouse is locating at ('xpath', '//a[text()="会员中心"]')
[2023-08-12 10:46:25,301][base_page.py 19][INFO]: Locationg the element ('xpath', '//a[text()="我的订单"]')
[2023-08-12 10:46:25,369][base_page.py 45][INFO]: Click the button: ('xpath', '//a[text()="我的订单"]')
[2023-08-12 10:46:25,379][base_page.py 19][INFO]: Locationg the element ('xpath', '//a[text()="会员中心"]')
[2023-08-12 10:46:25,668][base_page.py 92][INFO]: Mouse is locating at ('xpath', '//a[text()="会员中心"]')
[2023-08-12 10:46:25,668][base_page.py 19][INFO]: Locationg the element ('xpath', '//a[text()="我的收货地址"]')
[2023-08-12 10:46:25,715][base_page.py 45][INFO]: Click the button: ('xpath', '//a[text()="我的收货地址"]')
[2023-08-12 10:46:25,734][base_page.py 19][INFO]: Locationg the element ('xpath', '//a[text()="会员中心"]')
[2023-08-12 10:46:26,018][base_page.py 92][INFO]: Mouse is locating at ('xpath', '//a[text()="会员中心"]')
[2023-08-12 10:46:26,018][base_page.py 19][INFO]: Locationg the element ('xpath', '//a[text()="我的收藏"]')
[2023-08-12 10:46:26,065][base_page.py 45][INFO]: Click the button: ('xpath', '//a[text()="我的收藏"]')
[2023-08-12 10:46:26,084][base_page.py 19][INFO]: Locationg the element ('xpath', '//a[@href="#/app/shoppingcart/cart"]')
[2023-08-12 10:46:26,163][base_page.py 45][INFO]: Click the button: ('xpath', '//a[@href="#/app/shoppingcart/cart"]')
[2023-08-12 10:48:34,630][base_page.py 19][INFO]: Locationg the element ('xpath', '//a[@href="#/app/login"]')
[2023-08-12 10:48:34,706][base_page.py 45][INFO]: Click the button: ('xpath', '//a[@href="#/app/login"]')
[2023-08-12 10:48:34,732][base_page.py 19][INFO]: Locationg the element ('xpath', '//a[text()="会员中心"]')
[2023-08-12 10:48:35,034][base_page.py 92][INFO]: Mouse is locating at ('xpath', '//a[text()="会员中心"]')
[2023-08-12 10:48:35,034][base_page.py 19][INFO]: Locationg the element ('xpath', '//a[text()="我的订单"]')
[2023-08-12 10:48:35,074][base_page.py 45][INFO]: Click the button: ('xpath', '//a[text()="我的订单"]')
[2023-08-12 10:48:35,092][base_page.py 19][INFO]: Locationg the element ('xpath', '//a[text()="会员中心"]')
[2023-08-12 10:48:35,388][base_page.py 92][INFO]: Mouse is locating at ('xpath', '//a[text()="会员中心"]')
[2023-08-12 10:48:35,388][base_page.py 19][INFO]: Locationg the element ('xpath', '//a[text()="我的收货地址"]')
[2023-08-12 10:48:35,458][base_page.py 45][INFO]: Click the button: ('xpath', '//a[text()="我的收货地址"]')
[2023-08-12 10:48:35,476][base_page.py 19][INFO]: Locationg the element ('xpath', '//a[text()="会员中心"]')
[2023-08-12 10:48:35,777][base_page.py 92][INFO]: Mouse is locating at ('xpath', '//a[text()="会员中心"]')
[2023-08-12 10:48:35,777][base_page.py 19][INFO]: Locationg the element ('xpath', '//a[text()="我的收藏"]')
[2023-08-12 10:48:35,830][base_page.py 45][INFO]: Click the button: ('xpath', '//a[text()="我的收藏"]')
[2023-08-12 10:48:35,847][base_page.py 19][INFO]: Locationg the element ('xpath', '//a[@href="#/app/shoppingcart/cart"]')
[2023-08-12 10:48:35,922][base_page.py 45][INFO]: Click the button: ('xpath', '//a[@href="#/app/shoppingcart/cart"]')
[2023-08-12 10:52:44,957][base_page.py 19][INFO]: Locationg the element ('xpath', '//a[@href="#/app/login"]')
[2023-08-12 10:52:45,025][base_page.py 45][INFO]: Click the button: ('xpath', '//a[@href="#/app/login"]')
[2023-08-12 10:52:45,049][base_page.py 19][INFO]: Locationg the element ('xpath', '//a[text()="会员中心"]')
[2023-08-12 10:52:45,347][base_page.py 92][INFO]: Mouse is locating at ('xpath', '//a[text()="会员中心"]')
[2023-08-12 10:52:45,347][base_page.py 19][INFO]: Locationg the element ('xpath', '//a[text()="我的订单"]')
[2023-08-12 10:52:45,391][base_page.py 45][INFO]: Click the button: ('xpath', '//a[text()="我的订单"]')
[2023-08-12 10:52:45,413][base_page.py 19][INFO]: Locationg the element ('xpath', '//a[text()="会员中心"]')
[2023-08-12 10:52:45,688][base_page.py 92][INFO]: Mouse is locating at ('xpath', '//a[text()="会员中心"]')
[2023-08-12 10:52:45,688][base_page.py 19][INFO]: Locationg the element ('xpath', '//a[text()="我的收货地址"]')
[2023-08-12 10:52:45,736][base_page.py 45][INFO]: Click the button: ('xpath', '//a[text()="我的收货地址"]')
[2023-08-12 10:52:45,754][base_page.py 19][INFO]: Locationg the element ('xpath', '//a[text()="会员中心"]')
[2023-08-12 10:52:46,056][base_page.py 92][INFO]: Mouse is locating at ('xpath', '//a[text()="会员中心"]')
[2023-08-12 10:52:46,057][base_page.py 19][INFO]: Locationg the element ('xpath', '//a[text()="我的收藏"]')
[2023-08-12 10:52:46,101][base_page.py 45][INFO]: Click the button: ('xpath', '//a[text()="我的收藏"]')
[2023-08-12 10:52:46,120][base_page.py 19][INFO]: Locationg the element ('xpath', '//a[@href="#/app/shoppingcart/cart"]')
[2023-08-12 10:52:46,185][base_page.py 45][INFO]: Click the button: ('xpath', '//a[@href="#/app/shoppingcart/cart"]')
[2023-08-12 10:54:19,868][base_page.py 19][INFO]: Locationg the element ('xpath', '//a[@href="#/app/login"]')
[2023-08-12 10:54:19,938][base_page.py 45][INFO]: Click the button: ('xpath', '//a[@href="#/app/login"]')
[2023-08-12 10:54:19,960][base_page.py 19][INFO]: Locationg the element ('xpath', '//a[text()="会员中心"]')
[2023-08-12 10:54:20,253][base_page.py 92][INFO]: Mouse is locating at ('xpath', '//a[text()="会员中心"]')
[2023-08-12 10:54:20,253][base_page.py 19][INFO]: Locationg the element ('xpath', '//a[text()="我的订单"]')
[2023-08-12 10:54:20,301][base_page.py 45][INFO]: Click the button: ('xpath', '//a[text()="我的订单"]')
[2023-08-12 10:54:20,317][base_page.py 19][INFO]: Locationg the element ('xpath', '//a[text()="会员中心"]')
[2023-08-12 10:54:20,597][base_page.py 92][INFO]: Mouse is locating at ('xpath', '//a[text()="会员中心"]')
[2023-08-12 10:54:20,597][base_page.py 19][INFO]: Locationg the element ('xpath', '//a[text()="我的收货地址"]')
[2023-08-12 10:54:31,027][base_page.py 27][ERROR]: ('xpath', '//a[text()="我的收货地址"]') fails to locate, error info: Message: 

[2023-08-12 10:54:31,027][base_page.py 29][INFO]: Re-locationg the location, current time: 1
[2023-08-12 10:54:31,027][base_page.py 19][INFO]: Locationg the element ('xpath', '//a[text()="我的收货地址"]')
[2023-08-12 10:54:41,495][base_page.py 27][ERROR]: ('xpath', '//a[text()="我的收货地址"]') fails to locate, error info: Message: 

[2023-08-12 10:55:43,221][base_page.py 19][INFO]: Locationg the element ('xpath', '//a[@href="#/app/login"]')
[2023-08-12 10:55:43,296][base_page.py 45][INFO]: Click the button: ('xpath', '//a[@href="#/app/login"]')
[2023-08-12 10:55:43,317][base_page.py 19][INFO]: Locationg the element ('xpath', '//a[text()="会员中心"]')
[2023-08-12 10:55:43,614][base_page.py 92][INFO]: Mouse is locating at ('xpath', '//a[text()="会员中心"]')
[2023-08-12 10:55:43,614][base_page.py 19][INFO]: Locationg the element ('xpath', '//a[text()="我的订单"]')
[2023-08-12 10:55:43,662][base_page.py 45][INFO]: Click the button: ('xpath', '//a[text()="我的订单"]')
[2023-08-12 10:55:43,682][base_page.py 19][INFO]: Locationg the element ('xpath', '//a[text()="会员中心"]')
[2023-08-12 10:55:43,963][base_page.py 92][INFO]: Mouse is locating at ('xpath', '//a[text()="会员中心"]')
[2023-08-12 10:55:43,963][base_page.py 19][INFO]: Locationg the element ('xpath', '//a[text()="我的收货地址"]')
[2023-08-12 10:55:44,024][base_page.py 45][INFO]: Click the button: ('xpath', '//a[text()="我的收货地址"]')
[2023-08-12 10:55:44,046][base_page.py 19][INFO]: Locationg the element ('xpath', '//a[text()="会员中心"]')
[2023-08-12 10:55:44,331][base_page.py 92][INFO]: Mouse is locating at ('xpath', '//a[text()="会员中心"]')
[2023-08-12 10:55:44,331][base_page.py 19][INFO]: Locationg the element ('xpath', '//a[text()="我的收藏"]')
[2023-08-12 10:55:44,389][base_page.py 45][INFO]: Click the button: ('xpath', '//a[text()="我的收藏"]')
[2023-08-12 10:55:44,415][base_page.py 19][INFO]: Locationg the element ('xpath', '//a[@href="#/app/shoppingcart/cart"]')
[2023-08-12 10:55:44,512][base_page.py 45][INFO]: Click the button: ('xpath', '//a[@href="#/app/shoppingcart/cart"]')
[2023-08-12 11:00:06,087][base_page.py 19][INFO]: Locationg the element ('xpath', '//a[@href="#/app/login"]')
[2023-08-12 11:00:06,178][base_page.py 45][INFO]: Click the button: ('xpath', '//a[@href="#/app/login"]')
[2023-08-12 11:00:06,204][base_page.py 19][INFO]: Locationg the element ('xpath', '//a[text()="会员中心"]')
[2023-08-12 11:00:11,470][base_page.py 92][INFO]: Mouse is locating at ('xpath', '//a[text()="会员中心"]')
[2023-08-12 11:00:11,470][base_page.py 19][INFO]: Locationg the element ('xpath', '//a[text()="我的订单"]')
[2023-08-12 11:00:12,083][base_page.py 45][INFO]: Click the button: ('xpath', '//a[text()="我的订单"]')
[2023-08-12 11:00:12,106][base_page.py 19][INFO]: Locationg the element ('xpath', '//a[text()="会员中心"]')
[2023-08-12 11:00:17,365][base_page.py 92][INFO]: Mouse is locating at ('xpath', '//a[text()="会员中心"]')
[2023-08-12 11:00:17,366][base_page.py 19][INFO]: Locationg the element ('xpath', '//a[text()="我的收货地址"]')
[2023-08-12 11:00:17,992][base_page.py 45][INFO]: Click the button: ('xpath', '//a[text()="我的收货地址"]')
[2023-08-12 11:00:18,012][base_page.py 19][INFO]: Locationg the element ('xpath', '//a[text()="会员中心"]')
[2023-08-12 11:00:23,263][base_page.py 92][INFO]: Mouse is locating at ('xpath', '//a[text()="会员中心"]')
[2023-08-12 11:00:23,263][base_page.py 19][INFO]: Locationg the element ('xpath', '//a[text()="我的收藏"]')
[2023-08-12 11:00:23,861][base_page.py 45][INFO]: Click the button: ('xpath', '//a[text()="我的收藏"]')
[2023-08-12 11:00:23,884][base_page.py 19][INFO]: Locationg the element ('xpath', '//a[@href="#/app/shoppingcart/cart"]')
[2023-08-12 11:00:23,971][base_page.py 45][INFO]: Click the button: ('xpath', '//a[@href="#/app/shoppingcart/cart"]')
[2023-08-12 11:04:28,757][base_page.py 19][INFO]: Locationg the element ('xpath', '//a[@href="#/app/login"]')
[2023-08-12 11:04:28,838][base_page.py 45][INFO]: Click the button: ('xpath', '//a[@href="#/app/login"]')
[2023-08-12 11:04:28,857][base_page.py 19][INFO]: Locationg the element ('xpath', '//a[text()="会员中心"]')
[2023-08-12 11:04:29,163][base_page.py 92][INFO]: Mouse is locating at ('xpath', '//a[text()="会员中心"]')
[2023-08-12 11:04:29,163][base_page.py 19][INFO]: Locationg the element ('xpath', '//a[text()="我的订单"]')
[2023-08-12 11:04:29,221][base_page.py 45][INFO]: Click the button: ('xpath', '//a[text()="我的订单"]')
[2023-08-12 11:04:29,242][base_page.py 19][INFO]: Locationg the element ('xpath', '//a[text()="会员中心"]')
[2023-08-12 11:04:29,545][base_page.py 92][INFO]: Mouse is locating at ('xpath', '//a[text()="会员中心"]')
[2023-08-12 11:04:29,545][base_page.py 19][INFO]: Locationg the element ('xpath', '//a[text()="我的收货地址"]')
[2023-08-12 11:04:29,591][base_page.py 45][INFO]: Click the button: ('xpath', '//a[text()="我的收货地址"]')
[2023-08-12 11:04:29,610][base_page.py 19][INFO]: Locationg the element ('xpath', '//a[text()="会员中心"]')
[2023-08-12 11:04:29,913][base_page.py 92][INFO]: Mouse is locating at ('xpath', '//a[text()="会员中心"]')
[2023-08-12 11:04:29,913][base_page.py 19][INFO]: Locationg the element ('xpath', '//a[text()="我的收藏"]')
[2023-08-12 11:04:29,963][base_page.py 45][INFO]: Click the button: ('xpath', '//a[text()="我的收藏"]')
[2023-08-12 11:04:29,982][base_page.py 19][INFO]: Locationg the element ('xpath', '//a[@href="#/app/shoppingcart/cart"]')
[2023-08-12 11:04:30,057][base_page.py 45][INFO]: Click the button: ('xpath', '//a[@href="#/app/shoppingcart/cart"]')
[2023-08-12 11:11:14,893][base_page.py 19][INFO]: Locationg the element ('xpath', '//a[@href="#/app/login"]')
[2023-08-12 11:11:14,973][base_page.py 45][INFO]: Click the button: ('xpath', '//a[@href="#/app/login"]')
[2023-08-12 11:11:14,994][base_page.py 19][INFO]: Locationg the element ('xpath', '//a[text()="会员中心"]')
[2023-08-12 11:11:15,300][base_page.py 92][INFO]: Mouse is locating at ('xpath', '//a[text()="会员中心"]')
[2023-08-12 11:11:15,300][base_page.py 19][INFO]: Locationg the element ('xpath', '//a[text()="我的订单"]')
[2023-08-12 11:11:15,376][base_page.py 45][INFO]: Click the button: ('xpath', '//a[text()="我的订单"]')
[2023-08-12 11:11:15,401][base_page.py 19][INFO]: Locationg the element ('xpath', '//a[text()="会员中心"]')
[2023-08-12 11:11:15,699][base_page.py 92][INFO]: Mouse is locating at ('xpath', '//a[text()="会员中心"]')
[2023-08-12 11:11:15,699][base_page.py 19][INFO]: Locationg the element ('xpath', '//a[text()="我的收货地址"]')
[2023-08-12 11:11:15,747][base_page.py 45][INFO]: Click the button: ('xpath', '//a[text()="我的收货地址"]')
[2023-08-12 11:11:15,765][base_page.py 19][INFO]: Locationg the element ('xpath', '//a[text()="会员中心"]')
[2023-08-12 11:11:16,056][base_page.py 92][INFO]: Mouse is locating at ('xpath', '//a[text()="会员中心"]')
[2023-08-12 11:11:16,056][base_page.py 19][INFO]: Locationg the element ('xpath', '//a[text()="我的收藏"]')
[2023-08-12 11:11:16,110][base_page.py 45][INFO]: Click the button: ('xpath', '//a[text()="我的收藏"]')
[2023-08-12 11:11:16,127][base_page.py 19][INFO]: Locationg the element ('xpath', '//a[@href="#/app/shoppingcart/cart"]')
[2023-08-12 11:11:16,198][base_page.py 45][INFO]: Click the button: ('xpath', '//a[@href="#/app/shoppingcart/cart"]')
[2023-08-12 11:13:23,791][base_page.py 19][INFO]: Locationg the element ('xpath', '//a[@href="#/app/login"]')
[2023-08-12 11:13:23,890][base_page.py 45][INFO]: Click the button: ('xpath', '//a[@href="#/app/login"]')
[2023-08-12 11:13:23,913][base_page.py 19][INFO]: Locationg the element ('xpath', '//a[text()="会员中心"]')
[2023-08-12 11:13:24,207][base_page.py 92][INFO]: Mouse is locating at ('xpath', '//a[text()="会员中心"]')
[2023-08-12 11:13:24,207][base_page.py 19][INFO]: Locationg the element ('xpath', '//a[text()="我的订单"]')
[2023-08-12 11:13:24,253][base_page.py 45][INFO]: Click the button: ('xpath', '//a[text()="我的订单"]')
[2023-08-12 11:13:24,272][base_page.py 19][INFO]: Locationg the element ('xpath', '//a[text()="会员中心"]')
[2023-08-12 11:13:24,550][base_page.py 92][INFO]: Mouse is locating at ('xpath', '//a[text()="会员中心"]')
[2023-08-12 11:13:24,550][base_page.py 19][INFO]: Locationg the element ('xpath', '//a[text()="我的收货地址"]')
[2023-08-12 11:13:24,639][base_page.py 45][INFO]: Click the button: ('xpath', '//a[text()="我的收货地址"]')
[2023-08-12 11:13:24,662][base_page.py 19][INFO]: Locationg the element ('xpath', '//a[text()="会员中心"]')
[2023-08-12 11:13:24,955][base_page.py 92][INFO]: Mouse is locating at ('xpath', '//a[text()="会员中心"]')
[2023-08-12 11:13:24,955][base_page.py 19][INFO]: Locationg the element ('xpath', '//a[text()="我的收藏"]')
[2023-08-12 11:13:24,999][base_page.py 45][INFO]: Click the button: ('xpath', '//a[text()="我的收藏"]')
[2023-08-12 11:13:25,017][base_page.py 19][INFO]: Locationg the element ('xpath', '//a[@href="#/app/shoppingcart/cart"]')
[2023-08-12 11:13:25,104][base_page.py 45][INFO]: Click the button: ('xpath', '//a[@href="#/app/shoppingcart/cart"]')
